Added Component: Designator=C1(CAPC3216X180N)
Add component (AddParameter): Name = "Availability"; Value = "In Stock"; VariantName = "[No Variations]"
Add component (AddParameter): Name = "Check_prices"; Value = "https://www.snapeda.com/parts/CL31B104KBCNNNC/Samsung+Electro-Mechanics/view-part/?ref=eda"; VariantName = "[No Variations]"
Add component (AddParameter): Name = "MF"; Value = "Samsung Electro-Mechanics"; VariantName = "[No Variations]"
Add component (AddParameter): Name = "MP"; Value = "CL31B104KBCNNNC"; VariantName = "[No Variations]"
Add component (AddParameter): Name = "Package"; Value = "1206 Samsung"; VariantName = "[No Variations]"
Add component (AddParameter): Name = "Price"; Value = "None"; VariantName = "[No Variations]"
Add component (AddParameter): Name = "Purchase-URL"; Value = "https://pricing.snapeda.com/search/part/CL31B104KBCNNNC/?ref=eda"; VariantName = "[No Variations]"
Add component (AddParameter): Name = "SnapEDA_Link"; Value = "https://www.snapeda.com/parts/CL31B104KBCNNNC/Samsung+Electro-Mechanics/view-part/?ref=snap"; VariantName = "[No Variations]"
Add component (AddParameter): Name = "Value"; Value = ""; VariantName = "[No Variations]"
Added Component: Designator=C2(CAPC3216X180N)
Add component (AddParameter): Name = "Availability"; Value = "In Stock"; VariantName = "[No Variations]"
Add component (AddParameter): Name = "Check_prices"; Value = "https://www.snapeda.com/parts/CL31B104KBCNNNC/Samsung+Electro-Mechanics/view-part/?ref=eda"; VariantName = "[No Variations]"
Add component (AddParameter): Name = "MF"; Value = "Samsung Electro-Mechanics"; VariantName = "[No Variations]"
Add component (AddParameter): Name = "MP"; Value = "CL31B104KBCNNNC"; VariantName = "[No Variations]"
Add component (AddParameter): Name = "Package"; Value = "1206 Samsung"; VariantName = "[No Variations]"
Add component (AddParameter): Name = "Price"; Value = "None"; VariantName = "[No Variations]"
Add component (AddParameter): Name = "Purchase-URL"; Value = "https://pricing.snapeda.com/search/part/CL31B104KBCNNNC/?ref=eda"; VariantName = "[No Variations]"
Add component (AddParameter): Name = "SnapEDA_Link"; Value = "https://www.snapeda.com/parts/CL31B104KBCNNNC/Samsung+Electro-Mechanics/view-part/?ref=snap"; VariantName = "[No Variations]"
Add component (AddParameter): Name = "Value"; Value = ""; VariantName = "[No Variations]"
Added Component: Designator=C3(CAPC3216X180N)
Add component (AddParameter): Name = "Availability"; Value = "In Stock"; VariantName = "[No Variations]"
Add component (AddParameter): Name = "Check_prices"; Value = "https://www.snapeda.com/parts/CL31B104KBCNNNC/Samsung+Electro-Mechanics/view-part/?ref=eda"; VariantName = "[No Variations]"
Add component (AddParameter): Name = "MF"; Value = "Samsung Electro-Mechanics"; VariantName = "[No Variations]"
Add component (AddParameter): Name = "MP"; Value = "CL31B104KBCNNNC"; VariantName = "[No Variations]"
Add component (AddParameter): Name = "Package"; Value = "1206 Samsung"; VariantName = "[No Variations]"
Add component (AddParameter): Name = "Price"; Value = "None"; VariantName = "[No Variations]"
Add component (AddParameter): Name = "Purchase-URL"; Value = "https://pricing.snapeda.com/search/part/CL31B104KBCNNNC/?ref=eda"; VariantName = "[No Variations]"
Add component (AddParameter): Name = "SnapEDA_Link"; Value = "https://www.snapeda.com/parts/CL31B104KBCNNNC/Samsung+Electro-Mechanics/view-part/?ref=snap"; VariantName = "[No Variations]"
Add component (AddParameter): Name = "Value"; Value = ""; VariantName = "[No Variations]"
Added Component: Designator=D1(DIOM7959X265N)
Add component (AddParameter): Name = "Check_prices"; Value = "https://www.snapeda.com/parts/SS34/Onsemi/view-part/?ref=eda"; VariantName = "[No Variations]"
Add component (AddParameter): Name = "MF"; Value = "onsemi"; VariantName = "[No Variations]"
Add component (AddParameter): Name = "MP"; Value = "SS34"; VariantName = "[No Variations]"
Add component (AddParameter): Name = "Package"; Value = "SMC-2 ON Semiconductor"; VariantName = "[No Variations]"
Add component (AddParameter): Name = "SnapEDA_Link"; Value = "https://www.snapeda.com/parts/SS34/Onsemi/view-part/?ref=snap"; VariantName = "[No Variations]"
Add component (AddParameter): Name = "Value"; Value = ""; VariantName = "[No Variations]"
Added Component: Designator=D2(DIOM7959X265N)
Add component (AddParameter): Name = "Check_prices"; Value = "https://www.snapeda.com/parts/SS34/Onsemi/view-part/?ref=eda"; VariantName = "[No Variations]"
Add component (AddParameter): Name = "MF"; Value = "onsemi"; VariantName = "[No Variations]"
Add component (AddParameter): Name = "MP"; Value = "SS34"; VariantName = "[No Variations]"
Add component (AddParameter): Name = "Package"; Value = "SMC-2 ON Semiconductor"; VariantName = "[No Variations]"
Add component (AddParameter): Name = "SnapEDA_Link"; Value = "https://www.snapeda.com/parts/SS34/Onsemi/view-part/?ref=snap"; VariantName = "[No Variations]"
Add component (AddParameter): Name = "Value"; Value = ""; VariantName = "[No Variations]"
Added Component: Designator=P1(PCB_Pin_1)
Added Component: Designator=P2(PCB_Pin_1)
Added Component: Designator=P3(PCB_Pin_1)
Added Component: Designator=P4(PCB_Pin_1)
Added Component: Designator=P5(PCB_Pin_1)
Added Component: Designator=P6(PCB_Pin_1)
Added Component: Designator=P7(PCB_Pin_1)
Added Component: Designator=P8(PCB_Pin_1)
Added Component: Designator=P9(PCB_Pin_1)
Added Component: Designator=P10(PCB_Pin_1)
Added Component: Designator=P11(PCB_Pin_1)
Added Component: Designator=P12(PCB_Pin_1)
Added Component: Designator=P13(PCB_Pin_1)
Added Component: Designator=P14(PCB_Pin_1)
Added Component: Designator=P15(PCB_Pin_1)
Added Component: Designator=P16(PCB_Pin_1)
Added Component: Designator=P17(PCB_Pin_1)
Added Component: Designator=P18(PCB_Pin_1)
Added Component: Designator=P19(PCB_Pin_1)
Added Component: Designator=P20(PCB_Pin_1)
Added Component: Designator=P21(PCB_Pin_1)
Added Component: Designator=P22(PCB_Pin_1)
Added Component: Designator=P23(PCB_Pin_1)
Added Component: Designator=P24(PCB_Pin_1)
Added Component: Designator=P25(PCB_Pin_1)
Added Component: Designator=P27(PCB_Pin_1)
Added Component: Designator=U1(PCB_DRV8833)
Added Component: Designator=U2(PCB_DRV8833)
Added Component: Designator=U3(PCB_74HC595_Footprint)
Added Component: Designator=U4(PCB_ATMega328p)
Added Component: Designator=U5(CD74HC4067M)
Add component (AddParameter): Name = "Availability"; Value = "Unavailable"; VariantName = "[No Variations]"
Add component (AddParameter): Name = "MF"; Value = ""; VariantName = "[No Variations]"
Add component (AddParameter): Name = "MP"; Value = "CD74HC4067M"; VariantName = "[No Variations]"
Add component (AddParameter): Name = "Package"; Value = "None"; VariantName = "[No Variations]"
Add component (AddParameter): Name = "Price"; Value = "None"; VariantName = "[No Variations]"
Add component (AddParameter): Name = "Value"; Value = ""; VariantName = "[No Variations]"
Added Component: Designator=VR1(DC-DC Step-Down Footprint)
Added Component: Designator=VR2(DC-DC Step-Up Footprint)
Added Pin To Net: NetName=+3V Pin=C1-2
Added Pin To Net: NetName=+3V Pin=C2-1
Added Pin To Net: NetName=+3V Pin=U1-2
Added Pin To Net: NetName=+3V Pin=U2-2
Added Pin To Net: NetName=+3V Pin=VR1-2
Added Net: Name=+3V
Added Pin To Net: NetName=+5 Pin=C3-2
Added Pin To Net: NetName=+5 Pin=U3-8
Added Pin To Net: NetName=+5 Pin=U4-3
Added Pin To Net: NetName=+5 Pin=U5-24
Added Pin To Net: NetName=+5 Pin=VR2-1
Added Net: Name=+5
Added Pin To Net: NetName=DS Pin=U3-10
Added Pin To Net: NetName=DS Pin=U4-18
Added Net: Name=DS
Added Pin To Net: NetName=GND_4V Pin=P10-0
Added Pin To Net: NetName=GND_4V Pin=VR2-2
Added Net: Name=GND_4V
Added Pin To Net: NetName=GND_16V Pin=P6-0
Added Pin To Net: NetName=GND_16V Pin=VR1-0
Added Net: Name=GND_16V
Added Pin To Net: NetName=GND Pin=C1-1
Added Pin To Net: NetName=GND Pin=C2-2
Added Pin To Net: NetName=GND Pin=C3-1
Added Pin To Net: NetName=GND Pin=U1-3
Added Pin To Net: NetName=GND Pin=U2-3
Added Pin To Net: NetName=GND Pin=U3-0
Added Pin To Net: NetName=GND Pin=U4-1
Added Pin To Net: NetName=GND Pin=U4-26
Added Pin To Net: NetName=GND Pin=U5-12
Added Pin To Net: NetName=GND Pin=U5-15
Added Pin To Net: NetName=GND Pin=VR1-3
Added Pin To Net: NetName=GND Pin=VR2-0
Added Net: Name=GND
Added Pin To Net: NetName=NetP1_0 Pin=P1-0
Added Pin To Net: NetName=NetP1_0 Pin=U1-7
Added Net: Name=NetP1_0
Added Pin To Net: NetName=NetP2_0 Pin=P2-0
Added Pin To Net: NetName=NetP2_0 Pin=U1-8
Added Net: Name=NetP2_0
Added Pin To Net: NetName=NetP3_0 Pin=P3-0
Added Pin To Net: NetName=NetP3_0 Pin=U1-9
Added Net: Name=NetP3_0
Added Pin To Net: NetName=NetP4_0 Pin=P4-0
Added Pin To Net: NetName=NetP4_0 Pin=U1-10
Added Net: Name=NetP4_0
Added Pin To Net: NetName=NetP7_0 Pin=P7-0
Added Pin To Net: NetName=NetP7_0 Pin=U2-9
Added Net: Name=NetP7_0
Added Pin To Net: NetName=NetP8_0 Pin=P8-0
Added Pin To Net: NetName=NetP8_0 Pin=U2-10
Added Net: Name=NetP8_0
Added Pin To Net: NetName=NetP11_0 Pin=P11-0
Added Pin To Net: NetName=NetP11_0 Pin=U5-9
Added Net: Name=NetP11_0
Added Pin To Net: NetName=NetP12_0 Pin=P12-0
Added Pin To Net: NetName=NetP12_0 Pin=U5-8
Added Net: Name=NetP12_0
Added Pin To Net: NetName=NetP13_0 Pin=P13-0
Added Pin To Net: NetName=NetP13_0 Pin=U5-7
Added Net: Name=NetP13_0
Added Pin To Net: NetName=NetP14_0 Pin=P14-0
Added Pin To Net: NetName=NetP14_0 Pin=U5-6
Added Net: Name=NetP14_0
Added Pin To Net: NetName=NetP15_0 Pin=P15-0
Added Pin To Net: NetName=NetP15_0 Pin=U5-5
Added Net: Name=NetP15_0
Added Pin To Net: NetName=NetP16_0 Pin=P16-0
Added Pin To Net: NetName=NetP16_0 Pin=U5-4
Added Net: Name=NetP16_0
Added Pin To Net: NetName=NetP17_0 Pin=P17-0
Added Pin To Net: NetName=NetP17_0 Pin=U5-3
Added Net: Name=NetP17_0
Added Pin To Net: NetName=NetP18_0 Pin=P18-0
Added Pin To Net: NetName=NetP18_0 Pin=U5-2
Added Net: Name=NetP18_0
Added Pin To Net: NetName=NetP19_0 Pin=P19-0
Added Pin To Net: NetName=NetP19_0 Pin=U5-23
Added Net: Name=NetP19_0
Added Pin To Net: NetName=NetP20_0 Pin=P20-0
Added Pin To Net: NetName=NetP20_0 Pin=U5-22
Added Net: Name=NetP20_0
Added Pin To Net: NetName=NetP21_0 Pin=P21-0
Added Pin To Net: NetName=NetP21_0 Pin=U5-21
Added Net: Name=NetP21_0
Added Pin To Net: NetName=NetP22_0 Pin=P22-0
Added Pin To Net: NetName=NetP22_0 Pin=U5-20
Added Net: Name=NetP22_0
Added Pin To Net: NetName=NetP23_0 Pin=P23-0
Added Pin To Net: NetName=NetP23_0 Pin=U5-19
Added Net: Name=NetP23_0
Added Pin To Net: NetName=NetP24_0 Pin=P24-0
Added Pin To Net: NetName=NetP24_0 Pin=U5-18
Added Net: Name=NetP24_0
Added Pin To Net: NetName=NetP25_0 Pin=P25-0
Added Pin To Net: NetName=NetP25_0 Pin=U5-17
Added Net: Name=NetP25_0
Added Pin To Net: NetName=NetP27_0 Pin=P27-0
Added Pin To Net: NetName=NetP27_0 Pin=U5-16
Added Net: Name=NetP27_0
Added Pin To Net: NetName=NetU4_17 Pin=U4-17
Added Pin To Net: NetName=NetU4_17 Pin=U5-1
Added Net: Name=NetU4_17
Added Pin To Net: NetName=NetU4_19 Pin=U4-19
Added Pin To Net: NetName=NetU4_19 Pin=U5-13
Added Net: Name=NetU4_19
Added Pin To Net: NetName=NetU4_20 Pin=U4-20
Added Pin To Net: NetName=NetU4_20 Pin=U5-14
Added Net: Name=NetU4_20
Added Pin To Net: NetName=NetU4_21 Pin=U4-21
Added Pin To Net: NetName=NetU4_21 Pin=U5-11
Added Net: Name=NetU4_21
Added Pin To Net: NetName=NetU4_22 Pin=U4-22
Added Pin To Net: NetName=NetU4_22 Pin=U5-10
Added Net: Name=NetU4_22
Added Pin To Net: NetName=Q0 Pin=U1-0
Added Pin To Net: NetName=Q0 Pin=U3-9
Added Net: Name=Q0
Added Pin To Net: NetName=Q1 Pin=U1-1
Added Pin To Net: NetName=Q1 Pin=U3-7
Added Net: Name=Q1
Added Pin To Net: NetName=Q2 Pin=U1-4
Added Pin To Net: NetName=Q2 Pin=U3-6
Added Net: Name=Q2
Added Pin To Net: NetName=Q3 Pin=U1-5
Added Pin To Net: NetName=Q3 Pin=U3-5
Added Net: Name=Q3
Added Pin To Net: NetName=Q4 Pin=U2-4
Added Pin To Net: NetName=Q4 Pin=U3-4
Added Net: Name=Q4
Added Pin To Net: NetName=Q5 Pin=U2-5
Added Pin To Net: NetName=Q5 Pin=U3-3
Added Net: Name=Q5
Added Pin To Net: NetName=SH_CP Pin=U3-13
Added Pin To Net: NetName=SH_CP Pin=U4-16
Added Net: Name=SH_CP
Added Pin To Net: NetName=SS34_4V Pin=D2-C
Added Pin To Net: NetName=SS34_4V Pin=VR2-3
Added Net: Name=SS34_4V
Added Pin To Net: NetName=SS34_16V Pin=D1-C
Added Pin To Net: NetName=SS34_16V Pin=VR1-1
Added Net: Name=SS34_16V
Added Pin To Net: NetName=ST_CP Pin=U3-12
Added Pin To Net: NetName=ST_CP Pin=U4-15
Added Net: Name=ST_CP
Added Pin To Net: NetName=VCC_4V Pin=D2-A
Added Pin To Net: NetName=VCC_4V Pin=P9-0
Added Net: Name=VCC_4V
Added Pin To Net: NetName=VCC_16V Pin=D1-A
Added Pin To Net: NetName=VCC_16V Pin=P5-0
Added Net: Name=VCC_16V
Added Class: Name=Sheet_Robo_Sumo
Added Rule: Name=Schematic Supply Nets
Added Rule: Name=Schematic Supply Nets_1
Added Rule: Name=Schematic Supply Nets_2
Added Rule: Name=Schematic Supply Nets_3
Added Rule: Name=Schematic Supply Nets_4
Added Rule: Name=Schematic Supply Nets_5
Added Rule: Name=Schematic Supply Nets_6
Added Rule: Name=Schematic Supply Nets_7
Added Rule: Name=Schematic Supply Nets_8
Added Rule: Name=Schematic Supply Nets_9
Added Rule: Name=Schematic Supply Nets_10
Added Rule: Name=Schematic Supply Nets_11
